<?xml version="1.0" encoding="UTF-8"?>
<testng-results ignored="0" total="3" passed="2" failed="1" skipped="0">
  <reporter-output>
  </reporter-output>
  <suite started-at="2021-12-07T09:39:18Z" name="Default suite" finished-at="2021-12-07T09:39:27Z" duration-ms="9638">
    <groups>
    </groups>
    <test started-at="2021-12-07T09:39:18Z" name="Default test" finished-at="2021-12-07T09:39:27Z" duration-ms="9638">
      <class name="vrltravelstest.vrlhometest">
        <test-method is-config="true" signature="setup()[pri:0, instance:vrltravelstest.vrlhometest@3e27ba32]" started-at="2021-12-07T09:39:18Z" name="setup" finished-at="2021-12-07T09:39:20Z" duration-ms="2554" status="PASS">
          <reporter-output>
          </reporter-output>
        </test-method> <!-- setup -->
        <test-method is-config="true" signature="start()[pri:0, instance:vrltravelstest.vrlhometest@3e27ba32]" started-at="2021-12-07T09:39:20Z" name="start" finished-at="2021-12-07T09:39:23Z" duration-ms="2861" status="PASS">
          <reporter-output>
          </reporter-output>
        </test-method> <!-- start -->
        <test-method signature="titileverify()[pri:0, instance:vrltravelstest.vrlhometest@3e27ba32]" started-at="2021-12-07T09:39:23Z" name="titileverify" finished-at="2021-12-07T09:39:23Z" duration-ms="31" status="FAIL">
          <exception class="java.lang.AssertionError">
            <message>
              <![CDATA[expected [https://www.vrlbus.in/vrl2013/booking_home_page.aspx?q=LWYTJX] but found [VRL TRAVELS OFFICIAL WEBSITE | GET 5% FLAT DISCOUNT ON EVERY BOOKING | ONLINE BUS TICKET BOOKING WEBSITE | BUS TICKET RESERVATION SYSTEM | HYDERABAD BENGALORE AHMEDABAD INDORE PUNE CHENNAI VISHAKAPATNAM VIZAG VIJAYAWADA NAGPUR MUMBAI PUNE HUBLI GULBARGA VOLVO BUS]]]>
            </message>
            <full-stacktrace>
              <![CDATA[java.lang.AssertionError: expected [https://www.vrlbus.in/vrl2013/booking_home_page.aspx?q=LWYTJX] but found [VRL TRAVELS OFFICIAL WEBSITE | GET 5% FLAT DISCOUNT ON EVERY BOOKING | ONLINE BUS TICKET BOOKING WEBSITE | BUS TICKET RESERVATION SYSTEM | HYDERABAD BENGALORE AHMEDABAD INDORE PUNE CHENNAI VISHAKAPATNAM VIZAG VIJAYAWADA NAGPUR MUMBAI PUNE HUBLI GULBARGA VOLVO BUS]
at org.testng.Assert.fail(Assert.java:96)
at org.testng.Assert.failNotEquals(Assert.java:776)
at org.testng.Assert.assertEqualsImpl(Assert.java:137)
at org.testng.Assert.assertEquals(Assert.java:118)
at org.testng.Assert.assertEquals(Assert.java:453)
at org.testng.Assert.assertEquals(Assert.java:463)
at vrltravelspage.vrlhomepage.titileverification(vrlhomepage.java:33)
at vrltravelstest.vrlhometest.titileverify(vrlhometest.java:43)
at java.base/jdk.internal.reflect.NativeMethodAccessorImpl.invoke0(Native Method)
at java.base/jdk.internal.reflect.NativeMethodAccessorImpl.invoke(NativeMethodAccessorImpl.java:78)
at java.base/jdk.internal.reflect.DelegatingMethodAccessorImpl.invoke(DelegatingMethodAccessorImpl.java:43)
at java.base/java.lang.reflect.Method.invoke(Method.java:567)
at org.testng.internal.MethodInvocationHelper.invokeMethod(MethodInvocationHelper.java:124)
at org.testng.internal.Invoker.invokeMethod(Invoker.java:583)
at org.testng.internal.Invoker.invokeTestMethod(Invoker.java:719)
at org.testng.internal.Invoker.invokeTestMethods(Invoker.java:989)
at org.testng.internal.TestMethodWorker.invokeTestMethods(TestMethodWorker.java:125)
at org.testng.internal.TestMethodWorker.run(TestMethodWorker.java:109)
at org.testng.TestRunner.privateRun(TestRunner.java:648)
at org.testng.TestRunner.run(TestRunner.java:505)
at org.testng.SuiteRunner.runTest(SuiteRunner.java:455)
at org.testng.SuiteRunner.runSequentially(SuiteRunner.java:450)
at org.testng.SuiteRunner.privateRun(SuiteRunner.java:415)
at org.testng.SuiteRunner.run(SuiteRunner.java:364)
at org.testng.SuiteRunnerWorker.runSuite(SuiteRunnerWorker.java:52)
at org.testng.SuiteRunnerWorker.run(SuiteRunnerWorker.java:84)
at org.testng.TestNG.runSuitesSequentially(TestNG.java:1208)
at org.testng.TestNG.runSuitesLocally(TestNG.java:1137)
at org.testng.TestNG.runSuites(TestNG.java:1049)
at org.testng.TestNG.run(TestNG.java:1017)
at org.testng.remote.AbstractRemoteTestNG.run(AbstractRemoteTestNG.java:115)
at org.testng.remote.RemoteTestNG.initAndRun(RemoteTestNG.java:251)
at org.testng.remote.RemoteTestNG.main(RemoteTestNG.java:77)
]]>
            </full-stacktrace>
          </exception> <!-- java.lang.AssertionError -->
          <reporter-output>
          </reporter-output>
        </test-method> <!-- titileverify -->
        <test-method is-config="true" signature="start()[pri:0, instance:vrltravelstest.vrlhometest@3e27ba32]" started-at="2021-12-07T09:39:23Z" name="start" finished-at="2021-12-07T09:39:24Z" duration-ms="698" status="PASS">
          <reporter-output>
          </reporter-output>
        </test-method> <!-- start -->
        <test-method signature="searchh()[pri:1, instance:vrltravelstest.vrlhometest@3e27ba32]" started-at="2021-12-07T09:39:24Z" name="searchh" finished-at="2021-12-07T09:39:26Z" duration-ms="2214" status="PASS">
          <reporter-output>
          </reporter-output>
        </test-method> <!-- searchh -->
        <test-method is-config="true" signature="start()[pri:0, instance:vrltravelstest.vrlhometest@3e27ba32]" started-at="2021-12-07T09:39:26Z" name="start" finished-at="2021-12-07T09:39:27Z" duration-ms="714" status="PASS">
          <reporter-output>
          </reporter-output>
        </test-method> <!-- start -->
        <test-method signature="linksCount()[pri:2, instance:vrltravelstest.vrlhometest@3e27ba32]" started-at="2021-12-07T09:39:27Z" name="linksCount" finished-at="2021-12-07T09:39:27Z" duration-ms="517" status="PASS">
          <reporter-output>
          </reporter-output>
        </test-method> <!-- linksCount -->
      </class> <!-- vrltravelstest.vrlhometest -->
    </test> <!-- Default test -->
  </suite> <!-- Default suite -->
</testng-results>
