<?xml version="1.0" encoding="UTF-8"?>
<!-- Generated by org.testng.reporters.JUnitReportReporter -->
<testsuite hostname="DESKTOP-TD0J7AM" failures="1" tests="3" name="vrltravelstest.vrlhometest" time="7.035" errors="0" timestamp="07 Dec 2021 09:39:27 GMT" skipped="0">
  <testcase classname="vrltravelstest.vrlhometest" name="titileverify" time="0.745">
    <failure message="expected [https://www.vrlbus.in/vrl2013/booking_home_page.aspx?q=LWYTJX] but found [VRL TRAVELS OFFICIAL WEBSITE | GET 5% FLAT DISCOUNT ON EVERY BOOKING | ONLINE BUS TICKET BOOKING WEBSITE | BUS TICKET RESERVATION SYSTEM | HYDERABAD BENGALORE AHMEDABAD INDORE PUNE CHENNAI VISHAKAPATNAM VIZAG VIJAYAWADA NAGPUR MUMBAI PUNE HUBLI GULBARGA VOLVO BUS]" type="java.lang.AssertionError">
      <![CDATA[java.lang.AssertionError: expected [https://www.vrlbus.in/vrl2013/booking_home_page.aspx?q=LWYTJX] but found [VRL TRAVELS OFFICIAL WEBSITE | GET 5% FLAT DISCOUNT ON EVERY BOOKING | ONLINE BUS TICKET BOOKING WEBSITE | BUS TICKET RESERVATION SYSTEM | HYDERABAD BENGALORE AHMEDABAD INDORE PUNE CHENNAI VISHAKAPATNAM VIZAG VIJAYAWADA NAGPUR MUMBAI PUNE HUBLI GULBARGA VOLVO BUS]
at org.testng.Assert.fail(Assert.java:96)
at org.testng.Assert.failNotEquals(Assert.java:776)
at org.testng.Assert.assertEqualsImpl(Assert.java:137)
at org.testng.Assert.assertEquals(Assert.java:118)
at org.testng.Assert.assertEquals(Assert.java:453)
at org.testng.Assert.assertEquals(Assert.java:463)
at vrltravelspage.vrlhomepage.titileverification(vrlhomepage.java:33)
at vrltravelstest.vrlhometest.titileverify(vrlhometest.java:43)
at java.base/jdk.internal.reflect.NativeMethodAccessorImpl.invoke0(Native Method)
at java.base/jdk.internal.reflect.NativeMethodAccessorImpl.invoke(NativeMethodAccessorImpl.java:78)
at java.base/jdk.internal.reflect.DelegatingMethodAccessorImpl.invoke(DelegatingMethodAccessorImpl.java:43)
at java.base/java.lang.reflect.Method.invoke(Method.java:567)
at org.testng.internal.MethodInvocationHelper.invokeMethod(MethodInvocationHelper.java:124)
at org.testng.internal.Invoker.invokeMethod(Invoker.java:583)
at org.testng.internal.Invoker.invokeTestMethod(Invoker.java:719)
at org.testng.internal.Invoker.invokeTestMethods(Invoker.java:989)
at org.testng.internal.TestMethodWorker.invokeTestMethods(TestMethodWorker.java:125)
at org.testng.internal.TestMethodWorker.run(TestMethodWorker.java:109)
at org.testng.TestRunner.privateRun(TestRunner.java:648)
at org.testng.TestRunner.run(TestRunner.java:505)
at org.testng.SuiteRunner.runTest(SuiteRunner.java:455)
at org.testng.SuiteRunner.runSequentially(SuiteRunner.java:450)
at org.testng.SuiteRunner.privateRun(SuiteRunner.java:415)
at org.testng.SuiteRunner.run(SuiteRunner.java:364)
at org.testng.SuiteRunnerWorker.runSuite(SuiteRunnerWorker.java:52)
at org.testng.SuiteRunnerWorker.run(SuiteRunnerWorker.java:84)
at org.testng.TestNG.runSuitesSequentially(TestNG.java:1208)
at org.testng.TestNG.runSuitesLocally(TestNG.java:1137)
at org.testng.TestNG.runSuites(TestNG.java:1049)
at org.testng.TestNG.run(TestNG.java:1017)
at org.testng.remote.AbstractRemoteTestNG.run(AbstractRemoteTestNG.java:115)
at org.testng.remote.RemoteTestNG.initAndRun(RemoteTestNG.java:251)
at org.testng.remote.RemoteTestNG.main(RemoteTestNG.java:77)
]]>
    </failure>
  </testcase> <!-- titileverify -->
  <testcase classname="vrltravelstest.vrlhometest" name="searchh" time="2.912"/>
  <testcase classname="vrltravelstest.vrlhometest" name="linksCount" time="3.378"/>
</testsuite> <!-- vrltravelstest.vrlhometest -->
